<?xml version="1.0" encoding="UTF-8"?>
<testsuite name="com.example.postgresdemo.PostgresDemoApplicationTests" tests="0" skipped="0" failures="0" errors="0" timestamp="1970-01-01T00:00:00" hostname="L-NDE3RYZM32" time="0.0">
  <properties/>
  <system-out><![CDATA[11:29:23.831 [Test worker] DEBUG org.springframework.test.context.junit4.SpringJUnit4ClassRunner - SpringJUnit4ClassRunner constructor called with [class com.example.postgresdemo.PostgresDemoApplicationTests]
11:29:23.841 [Test worker] DEBUG org.springframework.test.context.BootstrapUtils - Instantiating CacheAwareContextLoaderDelegate from class [org.springframework.test.context.cache.DefaultCacheAwareContextLoaderDelegate]
11:29:23.857 [Test worker] DEBUG org.springframework.test.context.BootstrapUtils - Instantiating BootstrapContext using constructor [public org.springframework.test.context.support.DefaultBootstrapContext(java.lang.Class,org.springframework.test.context.CacheAwareContextLoaderDelegate)]
11:29:23.879 [Test worker] DEBUG org.springframework.test.context.BootstrapUtils - Instantiating TestContextBootstrapper for test class [com.example.postgresdemo.PostgresDemoApplicationTests] from class [org.springframework.boot.test.context.SpringBootTestContextBootstrapper]
11:29:23.907 [Test worker] INFO org.springframework.boot.test.context.SpringBootTestContextBootstrapper - Neither @ContextConfiguration nor @ContextHierarchy found for test class [com.example.postgresdemo.PostgresDemoApplicationTests], using SpringBootContextLoader
11:29:23.911 [Test worker] DEBUG org.springframework.test.context.support.AbstractContextLoader - Did not detect default resource location for test class [com.example.postgresdemo.PostgresDemoApplicationTests]: class path resource [com/example/postgresdemo/PostgresDemoApplicationTests-context.xml] does not exist
11:29:23.911 [Test worker] DEBUG org.springframework.test.context.support.AbstractContextLoader - Did not detect default resource location for test class [com.example.postgresdemo.PostgresDemoApplicationTests]: class path resource [com/example/postgresdemo/PostgresDemoApplicationTestsContext.groovy] does not exist
11:29:23.912 [Test worker] INFO org.springframework.test.context.support.AbstractContextLoader - Could not detect default resource locations for test class [com.example.postgresdemo.PostgresDemoApplicationTests]: no resource found for suffixes {-context.xml, Context.groovy}.
11:29:23.913 [Test worker] INFO org.springframework.test.context.support.AnnotationConfigContextLoaderUtils - Could not detect default configuration classes for test class [com.example.postgresdemo.PostgresDemoApplicationTests]: PostgresDemoApplicationTests does not declare any static, non-private, non-final, nested classes annotated with @Configuration.
11:29:23.994 [Test worker] DEBUG org.springframework.test.context.support.ActiveProfilesUtils - Could not find an 'annotation declaring class' for annotation type [org.springframework.test.context.ActiveProfiles] and class [com.example.postgresdemo.PostgresDemoApplicationTests]
11:29:24.011 [Test worker] DEBUG org.springframework.core.env.StandardEnvironment - Adding PropertySource 'systemProperties' with lowest search precedence
11:29:24.011 [Test worker] DEBUG org.springframework.core.env.StandardEnvironment - Adding PropertySource 'systemEnvironment' with lowest search precedence
11:29:24.012 [Test worker] DEBUG org.springframework.core.env.StandardEnvironment - Initialized StandardEnvironment with PropertySources [MapPropertySource@545229974 {name='systemProperties', properties={java.runtime.name=Java(TM) SE Runtime Environment, sun.boot.library.path=C:\Program Files\Java\jdk1.8.0_171\jre\bin, java.vm.version=25.171-b11, java.vm.vendor=Oracle Corporation, java.vendor.url=http://java.oracle.com/, path.separator=;, java.vm.name=Java HotSpot(TM) 64-Bit Server VM, file.encoding.pkg=sun.io, user.script=, sun.java.launcher=SUN_STANDARD, user.country=US, sun.os.patch.level=Service Pack 1, java.vm.specification.name=Java Virtual Machine Specification, user.dir=C:\Users\Suppala\Desktop\Training-Gap-ecom-master (1)\Training-Gap-ecom-master, java.runtime.version=1.8.0_171-b11, java.awt.graphicsenv=sun.awt.Win32GraphicsEnvironment, java.endorsed.dirs=C:\Program Files\Java\jdk1.8.0_171\jre\lib\endorsed, os.arch=amd64, java.io.tmpdir=C:\Users\Suppala\AppData\Local\Temp\, line.separator=
, java.vm.specification.vendor=Oracle Corporation, user.variant=, os.name=Windows 7, sun.jnu.encoding=Cp1252, java.library.path=C:\Program Files\Java\jdk1.8.0_171\bin;C:\windows\Sun\Java\bin;C:\windows\system32;C:\windows;C:/Program Files/Java/jre1.8.0_171/bin/server;C:/Program Files/Java/jre1.8.0_171/bin;C:/Program Files/Java/jre1.8.0_171/lib/amd64;C:\oraclexe\app\oracle\product\11.2.0\server\bin;;C:\oraclexe\app\oracle\product\11.2.0\server\bin;C:\Program Files\Java\jre1.8.0_171\bin;C:\Program Files (x86)\Microsoft SQL Server\Client SDK\ODBC\130\Tools\Binn\;C:\Program Files (x86)\Microsoft SQL Server\140\Tools\Binn\;C:\Program Files (x86)\Microsoft SQL Server\140\DTS\Binn\;C:\Program Files (x86)\Microsoft SQL Server\140\Tools\Binn\ManagementStudio\;C:\Users\Suppala\Downloads\gradle-4.8.1-all\gradle-4.8.1\bin;C:\Program Files\Java\jdk1.8.0_171\bin;C:\Program Files\Git\cmd;C:\Users\Suppala\Desktop;;., java.specification.name=Java Platform API Specification, java.class.version=52.0, sun.management.compiler=HotSpot 64-Bit Tiered Compilers, os.version=6.1, user.home=C:\Users\Suppala, user.timezone=Asia/Calcutta, java.awt.printerjob=sun.awt.windows.WPrinterJob, file.encoding=windows-1252, java.specification.version=1.8, java.class.path=C:\Users\Suppala\Desktop\Training-Gap-ecom-master (1)\Training-Gap-ecom-master\build\classes\test;C:\Users\Suppala\Desktop\Training-Gap-ecom-master (1)\Training-Gap-ecom-master\build\resources\test;C:\Users\Suppala\Desktop\Training-Gap-ecom-master (1)\Training-Gap-ecom-master\build\classes\main;C:\Users\Suppala\Desktop\Training-Gap-ecom-master (1)\Training-Gap-ecom-master\build\resources\main;C:\Users\Suppala\.gradle\caches\modules-2\files-2.1\org.springframework.boot\spring-boot-starter-data-jpa\1.5.15.BUILD-SNAPSHOT\ff29b6c55070f87a1945e2b98b1576f7cd760d5a\spring-boot-starter-data-jpa-1.5.15.BUILD-SNAPSHOT.jar;C:\Users\Suppala\.gradle\caches\modules-2\files-2.1\org.springframework.boot\spring-boot-starter-web\1.5.15.BUILD-SNAPSHOT\3d8cc22769b7f4cf102beaf6910ff0db1fce53bc\spring-boot-starter-web-1.5.15.BUILD-SNAPSHOT.jar;C:\Users\Suppala\.gradle\caches\modules-2\files-2.1\org.springframework.boot\spring-boot-devtools\1.5.15.BUILD-SNAPSHOT\4ba751bda0979a17dc46862dcb509c9337afc704\spring-boot-devtools-1.5.15.BUILD-SNAPSHOT.jar;C:\Users\Suppala\.gradle\caches\modules-2\files-2.1\org.postgresql\postgresql\9.4.1212.jre7\7101612950488be0ff6882bcc27aa0f0a4c202dd\postgresql-9.4.1212.jre7.jar;C:\Users\Suppala\.gradle\caches\modules-2\files-2.1\org.springframework.boot\spring-boot-starter-test\1.5.15.BUILD-SNAPSHOT\a61fc066cd19184126f78b69ceca23c7aa759327\spring-boot-starter-test-1.5.15.BUILD-SNAPSHOT.jar;C:\Users\Suppala\.gradle\caches\modules-2\files-2.1\org.springframework.boot\spring-boot-starter\1.5.15.BUILD-SNAPSHOT\999938f38ad9781503db90748348bb19abe28489\spring-boot-starter-1.5.15.BUILD-SNAPSHOT.jar;C:\Users\Suppala\.gradle\caches\modules-2\files-2.1\org.springframework.boot\spring-boot-starter-aop\1.5.15.BUILD-SNAPSHOT\24428cba88db34ace763c16df359ce7660476af3\spring-boot-starter-aop-1.5.15.BUILD-SNAPSHOT.jar;C:\Users\Suppala\.gradle\caches\modules-2\files-2.1\org.springframework.boot\spring-boot-starter-jdbc\1.5.15.BUILD-SNAPSHOT\7ef69352ce4add616a6a2e530468ba1e7556fd6a\spring-boot-starter-jdbc-1.5.15.BUILD-SNAPSHOT.jar;C:\Users\Suppala\.gradle\caches\modules-2\files-2.1\org.hibernate\hibernate-core\5.0.12.Final\e58bf1c660e6706d8e2cbb53bae110f574366102\hibernate-core-5.0.12.Final.jar;C:\Users\Suppala\.gradle\caches\modules-2\files-2.1\org.hibernate\hibernate-entitymanager\5.0.12.Final\302a526f5058290e9cbd719a5caf9f248d344719\hibernate-entitymanager-5.0.12.Final.jar;C:\Users\Suppala\.gradle\caches\modules-2\files-2.1\javax.transaction\javax.transaction-api\1.2\d81aff979d603edd90dcd8db2abc1f4ce6479e3e\javax.transaction-api-1.2.jar;C:\Users\Suppala\.gradle\caches\modules-2\files-2.1\org.springframework.data\spring-data-jpa\1.11.14.RELEASE\6b48748cf8720f2e5bba7e8dd7d6923a841ef39c\spring-data-jpa-1.11.14.RELEASE.jar;C:\Users\Suppala\.gradle\caches\modules-2\files-2.1\org.springframework\spring-aspects\4.3.18.RELEASE\d7ff868830a15461ff749bea6860590f41777425\spring-aspects-4.3.18.RELEASE.jar;C:\Users\Suppala\.gradle\caches\modules-2\files-2.1\org.springframework.boot\spring-boot-starter-tomcat\1.5.15.BUILD-SNAPSHOT\e5604bc777a6a914c62d5286986b499e22f12e05\spring-boot-starter-tomcat-1.5.15.BUILD-SNAPSHOT.jar;C:\Users\Suppala\.gradle\caches\modules-2\files-2.1\org.hibernate\hibernate-validator\5.3.6.Final\4c730be8bf55a8e9a61e79a2f2c079abf48b718\hibernate-validator-5.3.6.Final.jar;C:\Users\Suppala\.gradle\caches\modules-2\files-2.1\com.fasterxml.jackson.core\jackson-databind\2.8.11.2\2c5051e8e84d2c16316b758ebf746f9e90bef5a4\jackson-databind-2.8.11.2.jar;C:\Users\Suppala\.gradle\caches\modules-2\files-2.1\org.springframework\spring-web\4.3.18.RELEASE\e41042a70a7d80da52261c1dfc569c7518b70dce\spring-web-4.3.18.RELEASE.jar;C:\Users\Suppala\.gradle\caches\modules-2\files-2.1\org.springframework\spring-webmvc\4.3.18.RELEASE\67ad7f59830df97ab73f8c7ab53ea33ae7dcb68\spring-webmvc-4.3.18.RELEASE.jar;C:\Users\Suppala\.gradle\caches\modules-2\files-2.1\org.springframework.boot\spring-boot\1.5.15.BUILD-SNAPSHOT\b1911bfdd5012dc1fe69c57c278cca483cec47bc\spring-boot-1.5.15.BUILD-SNAPSHOT.jar;C:\Users\Suppala\.gradle\caches\modules-2\files-2.1\org.springframework.boot\spring-boot-autoconfigure\1.5.15.BUILD-SNAPSHOT\337ff2ff4c465e5d6fc5b558e6676b3351fa4c2c\spring-boot-autoconfigure-1.5.15.BUILD-SNAPSHOT.jar;C:\Users\Suppala\.gradle\caches\modules-2\files-2.1\org.springframework.boot\spring-boot-test\1.5.15.BUILD-SNAPSHOT\27bfdb5f5357b231e79b76f2bf6a4e729c3e727f\spring-boot-test-1.5.15.BUILD-SNAPSHOT.jar;C:\Users\Suppala\.gradle\caches\modules-2\files-2.1\org.springframework.boot\spring-boot-test-autoconfigure\1.5.15.BUILD-SNAPSHOT\16607209d0a684d07e43f3dfcd9c6bd64e5190a0\spring-boot-test-autoconfigure-1.5.15.BUILD-SNAPSHOT.jar;C:\Users\Suppala\.gradle\caches\modules-2\files-2.1\com.jayway.jsonpath\json-path\2.2.0\22290d17944bd239fabf5ac69005a60a7ecbbbcb\json-path-2.2.0.jar;C:\Users\Suppala\.gradle\caches\modules-2\files-2.1\junit\junit\4.12\2973d150c0dc1fefe998f834810d68f278ea58ec\junit-4.12.jar;C:\Users\Suppala\.gradle\caches\modules-2\files-2.1\org.assertj\assertj-core\2.6.0\b532c3fc4f66bcfee4989a3514f1cd56203a33ad\assertj-core-2.6.0.jar;C:\Users\Suppala\.gradle\caches\modules-2\files-2.1\org.mockito\mockito-core\1.10.19\e8546f5bef4e061d8dd73895b4e8f40e3fe6effe\mockito-core-1.10.19.jar;C:\Users\Suppala\.gradle\caches\modules-2\files-2.1\org.hamcrest\hamcrest-core\1.3\42a25dc3219429f0e5d060061f71acb49bf010a0\hamcrest-core-1.3.jar;C:\Users\Suppala\.gradle\caches\modules-2\files-2.1\org.hamcrest\hamcrest-library\1.3\4785a3c21320980282f9f33d0d1264a69040538f\hamcrest-library-1.3.jar;C:\Users\Suppala\.gradle\caches\modules-2\files-2.1\org.skyscreamer\jsonassert\1.4.0\9cdbb373a06f6513e51e8c545ee6a5e981463edb\jsonassert-1.4.0.jar;C:\Users\Suppala\.gradle\caches\modules-2\files-2.1\org.springframework\spring-core\4.3.18.RELEASE\4acbce682c3dfe38181d57b7e0792e2cc21e4f77\spring-core-4.3.18.RELEASE.jar;C:\Users\Suppala\.gradle\caches\modules-2\files-2.1\org.springframework\spring-test\4.3.18.RELEASE\1995997f20dcb66d44c252bb6d1a06eff00b465e\spring-test-4.3.18.RELEASE.jar;C:\Users\Suppala\.gradle\caches\modules-2\files-2.1\org.springframework.boot\spring-boot-starter-logging\1.5.15.BUILD-SNAPSHOT\f5aca25252e6ab7f3fc47954f4d10b863dc51a12\spring-boot-starter-logging-1.5.15.BUILD-SNAPSHOT.jar;C:\Users\Suppala\.gradle\caches\modules-2\files-2.1\org.yaml\snakeyaml\1.17\7a27ea250c5130b2922b86dea63cbb1cc10a660c\snakeyaml-1.17.jar;C:\Users\Suppala\.gradle\caches\modules-2\files-2.1\org.springframework\spring-aop\4.3.18.RELEASE\dd930265a504563d76de79864ae3196f6e9035e0\spring-aop-4.3.18.RELEASE.jar;C:\Users\Suppala\.gradle\caches\modules-2\files-2.1\org.aspectj\aspectjweaver\1.8.13\ad94df2a28d658a40dc27bbaff6a1ce5fbf04e9b\aspectjweaver-1.8.13.jar;C:\Users\Suppala\.gradle\caches\modules-2\files-2.1\org.apache.tomcat\tomcat-jdbc\8.5.32\9d2bf02f75c1f72b5346b60263d44b1a1ab8da43\tomcat-jdbc-8.5.32.jar;C:\Users\Suppala\.gradle\caches\modules-2\files-2.1\org.springframework\spring-jdbc\4.3.18.RELEASE\816bc40759cd07ec50b86b1472aa021813387114\spring-jdbc-4.3.18.RELEASE.jar;C:\Users\Suppala\.gradle\caches\modules-2\files-2.1\org.jboss.logging\jboss-logging\3.3.2.Final\3789d00e859632e6c6206adc0c71625559e6e3b0\jboss-logging-3.3.2.Final.jar;C:\Users\Suppala\.gradle\caches\modules-2\files-2.1\org.hibernate.javax.persistence\hibernate-jpa-2.1-api\1.0.0.Final\5e731d961297e5a07290bfaf3db1fbc8bbbf405a\hibernate-jpa-2.1-api-1.0.0.Final.jar;C:\Users\Suppala\.gradle\caches\modules-2\files-2.1\org.javassist\javassist\3.21.0-GA\598244f595db5c5fb713731eddbb1c91a58d959b\javassist-3.21.0-GA.jar;C:\Users\Suppala\.gradle\caches\modules-2\files-2.1\antlr\antlr\2.7.7\83cd2cd674a217ade95a4bb83a8a14f351f48bd0\antlr-2.7.7.jar;C:\Users\Suppala\.gradle\caches\modules-2\files-2.1\org.jboss\jandex\2.0.0.Final\3e899258936f94649c777193e1be846387ed54b3\jandex-2.0.0.Final.jar;C:\Users\Suppala\.gradle\caches\modules-2\files-2.1\dom4j\dom4j\1.6.1\5d3ccc056b6f056dbf0dddfdf43894b9065a8f94\dom4j-1.6.1.jar;C:\Users\Suppala\.gradle\caches\modules-2\files-2.1\org.hibernate.common\hibernate-commons-annotations\5.0.1.Final\71e1cff3fcb20d3b3af4f3363c3ddb24d33c6879\hibernate-commons-annotations-5.0.1.Final.jar;C:\Users\Suppala\.gradle\caches\modules-2\files-2.1\org.springframework.data\spring-data-commons\1.13.14.RELEASE\181429786ecaa16e186d9aa3fc581c8f778a208e\spring-data-commons-1.13.14.RELEASE.jar;C:\Users\Suppala\.gradle\caches\modules-2\files-2.1\org.springframework\spring-orm\4.3.18.RELEASE\f5f7cef67e9729f0f96a89441ae24980c7339da8\spring-orm-4.3.18.RELEASE.jar;C:\Users\Suppala\.gradle\caches\modules-2\files-2.1\org.springframework\spring-context\4.3.18.RELEASE\d302953b509e6d380856e245bf80c29770c08c98\spring-context-4.3.18.RELEASE.jar;C:\Users\Suppala\.gradle\caches\modules-2\files-2.1\org.springframework\spring-tx\4.3.18.RELEASE\b6b7938f7d8ba412b6663a8b950592557c2d996e\spring-tx-4.3.18.RELEASE.jar;C:\Users\Suppala\.gradle\caches\modules-2\files-2.1\org.springframework\spring-beans\4.3.18.RELEASE\27460686b16b3ffee60bb3365cd56bba6ed860ff\spring-beans-4.3.18.RELEASE.jar;C:\Users\Suppala\.gradle\caches\modules-2\files-2.1\org.slf4j\slf4j-api\1.7.25\da76ca59f6a57ee3102f8f9bd9cee742973efa8a\slf4j-api-1.7.25.jar;C:\Users\Suppala\.gradle\caches\modules-2\files-2.1\org.slf4j\jcl-over-slf4j\1.7.25\f8c32b13ff142a513eeb5b6330b1588dcb2c0461\jcl-over-slf4j-1.7.25.jar;C:\Users\Suppala\.gradle\caches\modules-2\files-2.1\org.apache.tomcat.embed\tomcat-embed-core\8.5.32\6bc6896200146010cc4666bdc6b9b0cbb453ee22\tomcat-embed-core-8.5.32.jar;C:\Users\Suppala\.gradle\caches\modules-2\files-2.1\org.apache.tomcat.embed\tomcat-embed-el\8.5.32\e4fd0ee015d83fa1c5ec93ff1d05bdaf9a4480c5\tomcat-embed-el-8.5.32.jar;C:\Users\Suppala\.gradle\caches\modules-2\files-2.1\org.apache.tomcat.embed\tomcat-embed-websocket\8.5.32\ea5302e378f1449d4e5dda79e8d810c1e7931f91\tomcat-embed-websocket-8.5.32.jar;C:\Users\Suppala\.gradle\caches\modules-2\files-2.1\javax.validation\validation-api\1.1.0.Final\8613ae82954779d518631e05daa73a6a954817d5\validation-api-1.1.0.Final.jar;C:\Users\Suppala\.gradle\caches\modules-2\files-2.1\com.fasterxml\classmate\1.3.4\3d5f48f10bbe4eb7bd862f10c0583be2e0053c6\classmate-1.3.4.jar;C:\Users\Suppala\.gradle\caches\modules-2\files-2.1\com.fasterxml.jackson.core\jackson-annotations\2.8.0\45b426f7796b741035581a176744d91090e2e6fb\jackson-annotations-2.8.0.jar;C:\Users\Suppala\.gradle\caches\modules-2\files-2.1\com.fasterxml.jackson.core\jackson-core\2.8.11\876ead1db19f0c9e79c9789273a3ef8c6fd6c29b\jackson-core-2.8.11.jar;C:\Users\Suppala\.gradle\caches\modules-2\files-2.1\org.springframework\spring-expression\4.3.18.RELEASE\64f2270bfd9d615c8c3b9d94995867f39391ed30\spring-expression-4.3.18.RELEASE.jar;C:\Users\Suppala\.gradle\caches\modules-2\files-2.1\net.minidev\json-smart\2.2.1\5b9e5df7a62d1279b70dc882b041d249c4f0b002\json-smart-2.2.1.jar;C:\Users\Suppala\.gradle\caches\modules-2\files-2.1\org.objenesis\objenesis\2.1\87c0ea803b69252868d09308b4618f766f135a96\objenesis-2.1.jar;C:\Users\Suppala\.gradle\caches\modules-2\files-2.1\com.vaadin.external.google\android-json\0.0.20131108.vaadin1\fa26d351fe62a6a17f5cda1287c1c6110dec413f\android-json-0.0.20131108.vaadin1.jar;C:\Users\Suppala\.gradle\caches\modules-2\files-2.1\ch.qos.logback\logback-classic\1.1.11\ccedfbacef4a6515d2983e3f89ed753d5d4fb665\logback-classic-1.1.11.jar;C:\Users\Suppala\.gradle\caches\modules-2\files-2.1\org.slf4j\jul-to-slf4j\1.7.25\af5364cd6679bfffb114f0dec8a157aaa283b76\jul-to-slf4j-1.7.25.jar;C:\Users\Suppala\.gradle\caches\modules-2\files-2.1\org.slf4j\log4j-over-slf4j\1.7.25\a87bb47468f47ee7aabbd54f93e133d4215769c3\log4j-over-slf4j-1.7.25.jar;C:\Users\Suppala\.gradle\caches\modules-2\files-2.1\org.apache.tomcat\tomcat-juli\8.5.32\c659f0c0bc6e1124bf3461ca51b25724a2335cf6\tomcat-juli-8.5.32.jar;C:\Users\Suppala\.gradle\caches\modules-2\files-2.1\org.apache.tomcat\tomcat-annotations-api\8.5.32\bc805a49362036d2705bbe051053f11120869fd\tomcat-annotations-api-8.5.32.jar;C:\Users\Suppala\.gradle\caches\modules-2\files-2.1\net.minidev\accessors-smart\1.1\a527213f2fea112a04c9bdf0ec0264e34104cd08\accessors-smart-1.1.jar;C:\Users\Suppala\.gradle\caches\modules-2\files-2.1\ch.qos.logback\logback-core\1.1.11\88b8df40340eed549fb07e2613879bf6b006704d\logback-core-1.1.11.jar;C:\Users\Suppala\.gradle\caches\modules-2\files-2.1\org.ow2.asm\asm\5.0.3\dcc2193db20e19e1feca8b1240dbbc4e190824fa\asm-5.0.3.jar, user.name=Suppala, java.vm.specification.version=1.8, sun.java.command=worker.org.gradle.process.internal.worker.GradleWorkerMain 'Gradle Test Executor 1', java.home=C:\Program Files\Java\jdk1.8.0_171\jre, sun.arch.data.model=64, user.language=en, java.specification.vendor=Oracle Corporation, awt.toolkit=sun.awt.windows.WToolkit, java.vm.info=mixed mode, java.version=1.8.0_171, java.ext.dirs=C:\Program Files\Java\jdk1.8.0_171\jre\lib\ext;C:\windows\Sun\Java\lib\ext, sun.boot.class.path=C:\Program Files\Java\jdk1.8.0_171\jre\lib\resources.jar;C:\Program Files\Java\jdk1.8.0_171\jre\lib\rt.jar;C:\Program Files\Java\jdk1.8.0_171\jre\lib\sunrsasign.jar;C:\Program Files\Java\jdk1.8.0_171\jre\lib\jsse.jar;C:\Program Files\Java\jdk1.8.0_171\jre\lib\jce.jar;C:\Program Files\Java\jdk1.8.0_171\jre\lib\charsets.jar;C:\Program Files\Java\jdk1.8.0_171\jre\lib\jfr.jar;C:\Program Files\Java\jdk1.8.0_171\jre\classes, java.vendor=Oracle Corporation, org.gradle.test.worker=1, file.separator=\, java.vendor.url.bug=http://bugreport.sun.com/bugreport/, sun.io.unicode.encoding=UnicodeLittle, sun.cpu.endian=little, sun.desktop=windows, sun.cpu.isalist=amd64}}, SystemEnvironmentPropertySource@1149162030 {name='systemEnvironment', properties={Buildver=GAP_WIN7.00, PROCESSOR_LEVEL=6, FP_NO_HOST_CHECK=NO, POSTGIS_GDAL_ENABLED_DRIVERS=GTiff PNG JPEG GIF XYZ DTED USGSDEM AAIGrid, SESSIONNAME=Console, ALLUSERSPROFILE=C:\ProgramData, GDAL_DATA=C:\PostgreSQL\gdal-data, PROCESSOR_ARCHITECTURE=AMD64, PSModulePath=C:\windows\system32\WindowsPowerShell\v1.0\Modules\, SystemDrive=C:, =A:=A:\, POSTGIS_ENABLE_OUTDB_RASTERS=1, USERNAME=Suppala, USERDNSDOMAIN=GAPINC.GAP.COM, ProgramFiles(x86)=C:\Program Files (x86), PATHEXT=.COM;.EXE;.BAT;.CMD;.VBS;.VBE;.JS;.JSE;.WSF;.WSH;.MSC, MpConfig_ReportingGUID=CE7FC98E-8BDB-415A-8F04-2B5768DA6E55, ProgramData=C:\ProgramData, MpConfig_ProductAppDataPath=C:\ProgramData\Microsoft\Windows Defender, ProgramW6432=C:\Program Files, HOMEPATH=\Users\Suppala, PROCESSOR_IDENTIFIER=Intel64 Family 6 Model 61 Stepping 4, GenuineIntel, ProgramFiles=C:\Program Files, PUBLIC=C:\Users\Public, windir=C:\windows, =::=::\, OPENSSL_CONF=C:\PostgreSQL\psqlODBC\etc\openssl.cnf, LOCALAPPDATA=C:\Users\Suppala\AppData\Local, Subver=601, USERDOMAIN=GAPINC, LOGONSERVER=\\HYD-C-1711-W, OneDrive=C:\Users\Suppala\OneDrive, APPDATA=C:\Users\Suppala\AppData\Roaming, VBOX_MSI_INSTALL_PATH=C:\Program Files\Oracle\VirtualBox\, CommonProgramFiles=C:\Program Files\Common Files, MpConfig_ProductCodeName=AntiSpyware, Path=C:/Program Files/Java/jre1.8.0_171/bin/server;C:/Program Files/Java/jre1.8.0_171/bin;C:/Program Files/Java/jre1.8.0_171/lib/amd64;C:\oraclexe\app\oracle\product\11.2.0\server\bin;;C:\oraclexe\app\oracle\product\11.2.0\server\bin;C:\Program Files\Java\jre1.8.0_171\bin;C:\Program Files (x86)\Microsoft SQL Server\Client SDK\ODBC\130\Tools\Binn\;C:\Program Files (x86)\Microsoft SQL Server\140\Tools\Binn\;C:\Program Files (x86)\Microsoft SQL Server\140\DTS\Binn\;C:\Program Files (x86)\Microsoft SQL Server\140\Tools\Binn\ManagementStudio\;C:\Users\Suppala\Downloads\gradle-4.8.1-all\gradle-4.8.1\bin;C:\Program Files\Java\jdk1.8.0_171\bin;C:\Program Files\Git\cmd;C:\Users\Suppala\Desktop;, OS=Windows_NT, COMPUTERNAME=L-NDE3RYZM32, PROCESSOR_REVISION=3d04, CommonProgramW6432=C:\Program Files\Common Files, MpConfig_ProductUserAppDataPath=C:\Users\Suppala\AppData\Local\Microsoft\Windows Defender, ComSpec=C:\windows\system32\cmd.exe, UATDATA=C:\windows\CCM\UATData\D9F8C395-CAB8-491d-B8AC-179A1FE1BE77, SystemRoot=C:\windows, TEMP=C:\Users\Suppala\AppData\Local\Temp, HOMEDRIVE=C:, USERPROFILE=C:\Users\Suppala, TMP=C:\Users\Suppala\AppData\Local\Temp, MpConfig_ProductPath=C:\Program Files\Windows Defender, CommonProgramFiles(x86)=C:\Program Files (x86)\Common Files, NUMBER_OF_PROCESSORS=4}}]
11:29:24.041 [Test worker] DEBUG org.springframework.core.io.support.PathMatchingResourcePatternResolver - Resolved classpath location [com/example/postgresdemo/] to resources [URL [file:/C:/Users/Suppala/Desktop/Training-Gap-ecom-master%20(1)/Training-Gap-ecom-master/build/classes/test/com/example/postgresdemo/]]
11:29:24.042 [Test worker] DEBUG org.springframework.core.io.support.PathMatchingResourcePatternResolver - Looking for matching resources in directory tree [C:\Users\Suppala\Desktop\Training-Gap-ecom-master (1)\Training-Gap-ecom-master\build\classes\test\com\example\postgresdemo]
11:29:24.043 [Test worker] DEBUG org.springframework.core.io.support.PathMatchingResourcePatternResolver - Searching directory [C:\Users\Suppala\Desktop\Training-Gap-ecom-master (1)\Training-Gap-ecom-master\build\classes\test\com\example\postgresdemo] for files matching pattern [C:/Users/Suppala/Desktop/Training-Gap-ecom-master (1)/Training-Gap-ecom-master/build/classes/test/com/example/postgresdemo/*.class]
11:29:24.049 [Test worker] DEBUG org.springframework.core.io.support.PathMatchingResourcePatternResolver - Resolved location pattern [classpath*:com/example/postgresdemo/*.class] to resources [file [C:\Users\Suppala\Desktop\Training-Gap-ecom-master (1)\Training-Gap-ecom-master\build\classes\test\com\example\postgresdemo\PostgresDemoApplicationTests.class]]
11:29:24.080 [Test worker] DEBUG org.springframework.core.io.support.PathMatchingResourcePatternResolver - Resolved classpath location [com/example/] to resources [URL [file:/C:/Users/Suppala/Desktop/Training-Gap-ecom-master%20(1)/Training-Gap-ecom-master/build/classes/test/com/example/]]
11:29:24.080 [Test worker] DEBUG org.springframework.core.io.support.PathMatchingResourcePatternResolver - Looking for matching resources in directory tree [C:\Users\Suppala\Desktop\Training-Gap-ecom-master (1)\Training-Gap-ecom-master\build\classes\test\com\example]
11:29:24.080 [Test worker] DEBUG org.springframework.core.io.support.PathMatchingResourcePatternResolver - Searching directory [C:\Users\Suppala\Desktop\Training-Gap-ecom-master (1)\Training-Gap-ecom-master\build\classes\test\com\example] for files matching pattern [C:/Users/Suppala/Desktop/Training-Gap-ecom-master (1)/Training-Gap-ecom-master/build/classes/test/com/example/*.class]
11:29:24.081 [Test worker] DEBUG org.springframework.core.io.support.PathMatchingResourcePatternResolver - Resolved location pattern [classpath*:com/example/*.class] to resources []
11:29:24.082 [Test worker] DEBUG org.springframework.core.io.support.PathMatchingResourcePatternResolver - Resolved classpath location [com/] to resources [URL [file:/C:/Users/Suppala/Desktop/Training-Gap-ecom-master%20(1)/Training-Gap-ecom-master/build/classes/test/com/], URL [jar:file:/C:/Users/Suppala/.gradle/caches/modules-2/files-2.1/com.fasterxml.jackson.core/jackson-databind/2.8.11.2/2c5051e8e84d2c16316b758ebf746f9e90bef5a4/jackson-databind-2.8.11.2.jar!/com/], URL [jar:file:/C:/Users/Suppala/.gradle/caches/modules-2/files-2.1/com.jayway.jsonpath/json-path/2.2.0/22290d17944bd239fabf5ac69005a60a7ecbbbcb/json-path-2.2.0.jar!/com/], URL [jar:file:/C:/Users/Suppala/.gradle/caches/modules-2/files-2.1/com.fasterxml/classmate/1.3.4/3d5f48f10bbe4eb7bd862f10c0583be2e0053c6/classmate-1.3.4.jar!/com/], URL [jar:file:/C:/Users/Suppala/.gradle/caches/modules-2/files-2.1/com.fasterxml.jackson.core/jackson-annotations/2.8.0/45b426f7796b741035581a176744d91090e2e6fb/jackson-annotations-2.8.0.jar!/com/], URL [jar:file:/C:/Users/Suppala/.gradle/caches/modules-2/files-2.1/com.fasterxml.jackson.core/jackson-core/2.8.11/876ead1db19f0c9e79c9789273a3ef8c6fd6c29b/jackson-core-2.8.11.jar!/com/]]
11:29:24.083 [Test worker] DEBUG org.springframework.core.io.support.PathMatchingResourcePatternResolver - Looking for matching resources in directory tree [C:\Users\Suppala\Desktop\Training-Gap-ecom-master (1)\Training-Gap-ecom-master\build\classes\test\com]
11:29:24.083 [Test worker] DEBUG org.springframework.core.io.support.PathMatchingResourcePatternResolver - Searching directory [C:\Users\Suppala\Desktop\Training-Gap-ecom-master (1)\Training-Gap-ecom-master\build\classes\test\com] for files matching pattern [C:/Users/Suppala/Desktop/Training-Gap-ecom-master (1)/Training-Gap-ecom-master/build/classes/test/com/*.class]
11:29:24.084 [Test worker] DEBUG org.springframework.core.io.support.PathMatchingResourcePatternResolver - Looking for matching resources in jar file [file:/C:/Users/Suppala/.gradle/caches/modules-2/files-2.1/com.fasterxml.jackson.core/jackson-databind/2.8.11.2/2c5051e8e84d2c16316b758ebf746f9e90bef5a4/jackson-databind-2.8.11.2.jar]
11:29:24.107 [Test worker] DEBUG org.springframework.core.io.support.PathMatchingResourcePatternResolver - Looking for matching resources in jar file [file:/C:/Users/Suppala/.gradle/caches/modules-2/files-2.1/com.jayway.jsonpath/json-path/2.2.0/22290d17944bd239fabf5ac69005a60a7ecbbbcb/json-path-2.2.0.jar]
11:29:24.109 [Test worker] DEBUG org.springframework.core.io.support.PathMatchingResourcePatternResolver - Looking for matching resources in jar file [file:/C:/Users/Suppala/.gradle/caches/modules-2/files-2.1/com.fasterxml/classmate/1.3.4/3d5f48f10bbe4eb7bd862f10c0583be2e0053c6/classmate-1.3.4.jar]
11:29:24.110 [Test worker] DEBUG org.springframework.core.io.support.PathMatchingResourcePatternResolver - Looking for matching resources in jar file [file:/C:/Users/Suppala/.gradle/caches/modules-2/files-2.1/com.fasterxml.jackson.core/jackson-annotations/2.8.0/45b426f7796b741035581a176744d91090e2e6fb/jackson-annotations-2.8.0.jar]
11:29:24.111 [Test worker] DEBUG org.springframework.core.io.support.PathMatchingResourcePatternResolver - Looking for matching resources in jar file [file:/C:/Users/Suppala/.gradle/caches/modules-2/files-2.1/com.fasterxml.jackson.core/jackson-core/2.8.11/876ead1db19f0c9e79c9789273a3ef8c6fd6c29b/jackson-core-2.8.11.jar]
11:29:24.112 [Test worker] DEBUG org.springframework.core.io.support.PathMatchingResourcePatternResolver - Resolved location pattern [classpath*:com/*.class] to resources []
]]></system-out>
  <system-err><![CDATA[]]></system-err>
</testsuite>
